0 info it worked if it ends with ok
1 verbose cli [ 'E:\\nodejs\\node.exe',
1 verbose cli   'E:\\nodejs\\node_modules\\npm\\bin\\npm-cli.js',
1 verbose cli   'start' ]
2 info using npm@5.0.0
3 info using node@v8.11.3
4 verbose run-script [ 'prestart', 'start', 'poststart' ]
5 info lifecycle homefitness@0.0.0~prestart: homefitness@0.0.0
6 silly lifecycle homefitness@0.0.0~prestart: no script for prestart, continuing
7 info lifecycle homefitness@0.0.0~start: homefitness@0.0.0
8 verbose lifecycle homefitness@0.0.0~start: unsafe-perm in lifecycle true
9 verbose lifecycle homefitness@0.0.0~start: PATH: E:\nodejs\node_modules\npm\bin\node-gyp-bin;F:\TotNghiep\HomeFitness\node_modules\.bin;C:\Program Files\NVIDIA GPU Computing Toolkit\CUDA\v9.0\bin;C:\Program Files\NVIDIA GPU Computing Toolkit\CUDA\v9.0\libnvvp;E:\Python\Anaconda3;E:\Python\Anaconda3\Library\mingw-w64\bin;E:\Python\Anaconda3\Library\usr\bin;E:\Python\Anaconda3\Library\bin;E:\Python\Anaconda3\Scripts;C:\ProgramData\Oracle\Java\javapath;C:\Program Files\Microsoft MPI\Bin\;C:\Program Files (x86)\Intel\iCLS Client\;C:\Program Files\Intel\iCLS Client\;C:\Windows\system32;C:\Windows;C:\Windows\System32\Wbem;C:\Windows\System32\WindowsPowerShell\v1.0\;C:\Program Files (x86)\NVIDIA Corporation\PhysX\Common;C:\Program Files (x86)\Intel\Intel(R) Management Engine Components\DAL;C:\Program Files\Intel\Intel(R) Management Engine Components\DAL;C:\Program Files (x86)\Intel\Intel(R) Management Engine Components\IPT;C:\Program Files\Intel\Intel(R) Management Engine Components\IPT;C:\Program Files\Intel\WiFi\bin\;C:\Program Files\Common Files\Intel\WirelessCommon\;C:\WINDOWS\system32;C:\WINDOWS;C:\WINDOWS\System32\Wbem;C:\WINDOWS\System32\WindowsPowerShell\v1.0\;C:\Program Files\dotnet\;C:\Program Files\Microsoft SQL Server\130\Tools\Binn\;C:\Program Files (x86)\GtkSharp\2.12\bin;E:\Java\maven\apache-maven-3.5.3\bin;E:\Java\jdk1.8.0_161\bin;C:\WINDOWS\System32\OpenSSH\;C:\Program Files\NVIDIA GPU Computing Toolkit\CUDA\v9.0\cuda\bin;E:\nodejs\;E:\Android\Sdk\platform-tools;E:\nodejs\Yarn\bin\;E:\nodejs\watchman;E:\Git\cmd;C:\Users\KoiKoi\AppData\Local\Microsoft\WindowsApps;C:\Users\KoiKoi\AppData\Local\atom\bin;C:\Users\KoiKoi\AppData\Local\Microsoft\WindowsApps;;E:\Microsoft VS Code\bin;C:\Users\KoiKoi\AppData\Roaming\npm;C:\Users\KoiKoi\AppData\Local\Yarn\bin
10 verbose lifecycle homefitness@0.0.0~start: CWD: F:\TotNghiep\HomeFitness
11 silly lifecycle homefitness@0.0.0~start: Args: [ '/d /s /c', 'nodemon ./bin/www' ]
12 verbose stack Error: kill ENOSYS
12 verbose stack     at Object._errnoException (util.js:992:11)
12 verbose stack     at process.kill (internal/process.js:183:18)
12 verbose stack     at process.listener (E:\nodejs\node_modules\npm\node_modules\signal-exit\index.js:95:15)
12 verbose stack     at emitNone (events.js:106:13)
12 verbose stack     at process.emit (events.js:208:7)
12 verbose stack     at processEmit (E:\nodejs\node_modules\npm\node_modules\signal-exit\index.js:155:32)
12 verbose stack     at Signal.wrap.onsignal (internal/process.js:208:44)
13 verbose cwd F:\TotNghiep\HomeFitness
14 error Windows_NT 10.0.17134
15 error argv "E:\\nodejs\\node.exe" "E:\\nodejs\\node_modules\\npm\\bin\\npm-cli.js" "start"
16 error node v8.11.3
17 error npm  v5.0.0
18 error code ENOSYS
19 error errno ENOSYS
20 error syscall kill
21 error kill ENOSYS
22 error If you need help, you may report this error at:
22 error     <https://github.com/npm/npm/issues>
23 verbose exit [ 1, true ]
